
=== Sun Jan  8 00:45:25 2023

Packages were changed.
Update Mode: updateDependencies

The following packages were added:
  com.unity.2d.sprite@1.0.0
  com.unity.2d.tilemap@1.0.0
  com.unity.collab-proxy@1.15.7
  com.unity.ide.rider@2.0.7
  com.unity.ide.visualstudio@2.0.12
  com.unity.ide.vscode@1.2.4
  com.unity.modules.androidjni@1.0.0
  com.unity.test-framework@1.1.29
  com.unity.timeline@1.4.8
  com.unity.ugui@1.0.0
  com.unity.xr.legacyinputhelpers@2.1.8
The following packages were updated:
  com.unity.2d.spriteshape from version 1.0.12-preview.1 to 5.1.7
  com.unity.ads from version 2.0.8 to 3.7.5
  com.unity.analytics from version 2.0.16 to 3.6.12
  com.unity.purchasing from version 2.0.3 to 4.1.2
  com.unity.textmeshpro from version 1.2.4 to 3.0.6
The following packages were removed:
  com.unity.package-manager-ui@1.9.11

=== Thu Oct 19 16:04:56 2023

Packages were changed.
Update Mode: updateDependencies

The following packages were added:
  com.unity.ai.navigation@1.1.5
The following packages were updated:
  com.unity.2d.psdimporter from version 4.1.3 to 8.0.2
  com.unity.2d.spriteshape from version 5.1.7 to 9.0.2
  com.unity.ads from version 3.7.5 to 4.4.2
  com.unity.analytics from version 3.6.12 to 3.8.1
  com.unity.collab-proxy from version 1.15.7 to 2.1.0
  com.unity.ide.rider from version 2.0.7 to 3.0.25
  com.unity.ide.visualstudio from version 2.0.12 to 2.0.21
  com.unity.ide.vscode from version 1.2.4 to 1.2.5
  com.unity.purchasing from version 4.1.2 to 4.9.3
  com.unity.render-pipelines.universal from version 10.8.1 to 14.0.9
  com.unity.test-framework from version 1.1.29 to 1.1.33
  com.unity.timeline from version 1.4.8 to 1.7.5
  com.unity.xr.legacyinputhelpers from version 2.1.8 to 2.1.10
